Start: 2026-02-16T20:28:59.8296282-03:00
InputPath: src/main/resources/static/Cozinha moderna com toque aconchegante.png
OutputPath: src/main/resources/static/Cozinha moderna com toque aconchegante@4k.png
Scale: 2; TargetWidth: 3840; TargetHeight: 0; NoSharpen: True
ResolvedInput: C:\development\java\Site-MK-Tech\src\main\resources\static\Cozinha moderna com toque aconchegante.png
Loaded: 1536x1024
Target: 3840x2560
Alloc bitmap...
Alloc bitmap OK
Draw...
Draw OK
Save...
Save OK
Created: src/main/resources/static/Cozinha moderna com toque aconchegante@4k.png (3840 x 2560)
Created: src/main/resources/static/Cozinha moderna com toque aconchegante@4k.png (3840 x 2560)
Created: src/main/resources/static/Cozinha moderna com toque aconchegante@4k.png (3840 x 2560)
Sharpen OK
Save...
Save OK
Created: src/main/resources/static/Cozinha moderna com toque aconchegante@4k.png (3840 x 2560)
